Code/Android/jacket/app/build/intermediates/manifest_merge_blame_file/debug/manifest-merger-blame-debug-report.txt
1<?xml version="1.0" encoding="utf-8"?>
2<manifest xmlns:android="http://schemas.android.com/apk/res/android"
3    package="com.example.jacket"
4    android:versionCode="1"
5    android:versionName="1.0" >
6
7    <uses-sdk
8        android:minSdkVersion="15"
8-->src\main\AndroidManifest.xml
9        android:targetSdkVersion="29" />
9-->src\main\AndroidManifest.xml
10
11    <uses-permission android:name="android.permission.INTERNET" />
11-->src\main\AndroidManifest.xml:26:5-67
11-->src\main\AndroidManifest.xml:26:22-64
12
13    <application
13-->src\main\AndroidManifest.xml:5:5-25:19
14        android:allowBackup="true"
14-->src\main\AndroidManifest.xml:6:9-35
15        android:appComponentFactory="androidx.core.app.CoreComponentFactory"
15-->[androidx.core:core:1.0.1] AndroidManifest.xml:22:18-86
16        android:debuggable="true"
17        android:icon="@mipmap/ic_launcher"
17-->src\main\AndroidManifest.xml:7:9-43
18        android:label="@string/app_name"
18-->src\main\AndroidManifest.xml:8:9-41
19        android:theme="@style/AppTheme" >
19-->src\main\AndroidManifest.xml:9:9-40
20        <activity
20-->src\main\AndroidManifest.xml:10:9-16:20
21            android:name="com.example.jacket.Splashscreen"
21-->src\main\AndroidManifest.xml:10:19-47
22            android:label="@string/app_name" >
22-->src\main\AndroidManifest.xml:11:13-45
23            <intent-filter>
23-->src\main\AndroidManifest.xml:12:13-15:29
24                <action android:name="android.intent.action.MAIN" />
24-->src\main\AndroidManifest.xml:13:17-69
24-->src\main\AndroidManifest.xml:13:25-66
25
26                <category android:name="android.intent.category.LAUNCHER" />
26-->src\main\AndroidManifest.xml:14:17-77
26-->src\main\AndroidManifest.xml:14:27-74
27            </intent-filter>
28        </activity>
29        <activity
29-->src\main\AndroidManifest.xml:17:9-24:20
30            android:name="com.example.jacket.MainActivity"
30-->src\main\AndroidManifest.xml:18:13-41
31            android:label="@string/app_name" >
31-->src\main\AndroidManifest.xml:19:13-45
32            <intent-filter>
32-->src\main\AndroidManifest.xml:20:13-23:29
33                <action android:name="android.intent.action.MAIN" />
33-->src\main\AndroidManifest.xml:13:17-69
33-->src\main\AndroidManifest.xml:13:25-66
34
35                <category android:name="android.intent.category.DEFAULT" />
35-->src\main\AndroidManifest.xml:22:17-76
35-->src\main\AndroidManifest.xml:22:27-73
36            </intent-filter>
37        </activity>
38    </application>
39
40</manifest>